{"E:\\Nestjs2025\\boeing-banking\\account-api\\src\\app\\app.controller.ts": {"path":"E:\\Nestjs2025\\boeing-banking\\account-api\\src\\app\\app.controller.ts","statementMap":{"0":{"start":{"line":1,"column":0},"end":{"line":1,"column":49}},"1":{"start":{"line":2,"column":0},"end":{"line":2,"column":43}},"2":{"start":{"line":5,"column":7},"end":{"line":12,"column":null}},"3":{"start":{"line":6,"column":31},"end":{"line":6,"column":43}},"4":{"start":{"line":10,"column":4},"end":{"line":10,"column":37}},"5":{"start":{"line":5,"column":13},"end":{"line":5,"column":26}},"6":{"start":{"line":9,"column":2},"end":{"line":11,"column":null}},"7":{"start":{"line":5,"column":13},"end":{"line":12,"column":null}}},"fnMap":{"0":{"name":"(anonymous_2)","decl":{"start":{"line":6,"column":2},"end":{"line":6,"column":31}},"loc":{"start":{"line":6,"column":53},"end":{"line":6,"column":57}}},"1":{"name":"(anonymous_3)","decl":{"start":{"line":9,"column":2},"end":{"line":9,"column":9}},"loc":{"start":{"line":9,"column":9},"end":{"line":11,"column":3}}}},"branchMap":{},"s":{"0":1,"1":1,"2":1,"3":1,"4":1,"5":1,"6":1,"7":1},"f":{"0":1,"1":1},"b":{}}
,"E:\\Nestjs2025\\boeing-banking\\account-api\\src\\app\\app.service.ts": {"path":"E:\\Nestjs2025\\boeing-banking\\account-api\\src\\app\\app.service.ts","statementMap":{"0":{"start":{"line":1,"column":0},"end":{"line":1,"column":44}},"1":{"start":{"line":4,"column":7},"end":{"line":8,"column":null}},"2":{"start":{"line":6,"column":4},"end":{"line":6,"column":36}},"3":{"start":{"line":4,"column":13},"end":{"line":4,"column":23}},"4":{"start":{"line":4,"column":13},"end":{"line":8,"column":null}}},"fnMap":{"0":{"name":"(anonymous_1)","decl":{"start":{"line":5,"column":2},"end":{"line":5,"column":9}},"loc":{"start":{"line":5,"column":9},"end":{"line":7,"column":3}}}},"branchMap":{},"s":{"0":2,"1":2,"2":2,"3":2,"4":2},"f":{"0":2},"b":{}}
,"E:\\Nestjs2025\\boeing-banking\\apps\\api-gateway\\src\\app\\app.controller.ts": {"path":"E:\\Nestjs2025\\boeing-banking\\apps\\api-gateway\\src\\app\\app.controller.ts","statementMap":{"0":{"start":{"line":1,"column":0},"end":{"line":1,"column":49}},"1":{"start":{"line":2,"column":0},"end":{"line":2,"column":43}},"2":{"start":{"line":5,"column":7},"end":{"line":12,"column":null}},"3":{"start":{"line":6,"column":31},"end":{"line":6,"column":43}},"4":{"start":{"line":10,"column":4},"end":{"line":10,"column":37}},"5":{"start":{"line":5,"column":13},"end":{"line":5,"column":26}},"6":{"start":{"line":9,"column":2},"end":{"line":11,"column":null}},"7":{"start":{"line":5,"column":13},"end":{"line":12,"column":null}}},"fnMap":{"0":{"name":"(anonymous_2)","decl":{"start":{"line":6,"column":2},"end":{"line":6,"column":31}},"loc":{"start":{"line":6,"column":53},"end":{"line":6,"column":57}}},"1":{"name":"(anonymous_3)","decl":{"start":{"line":9,"column":2},"end":{"line":9,"column":9}},"loc":{"start":{"line":9,"column":9},"end":{"line":11,"column":3}}}},"branchMap":{},"s":{"0":1,"1":1,"2":1,"3":1,"4":1,"5":1,"6":1,"7":1},"f":{"0":1,"1":1},"b":{}}
,"E:\\Nestjs2025\\boeing-banking\\apps\\api-gateway\\src\\app\\app.service.ts": {"path":"E:\\Nestjs2025\\boeing-banking\\apps\\api-gateway\\src\\app\\app.service.ts","statementMap":{"0":{"start":{"line":1,"column":0},"end":{"line":1,"column":44}},"1":{"start":{"line":4,"column":7},"end":{"line":8,"column":null}},"2":{"start":{"line":6,"column":4},"end":{"line":6,"column":36}},"3":{"start":{"line":4,"column":13},"end":{"line":4,"column":23}},"4":{"start":{"line":4,"column":13},"end":{"line":8,"column":null}}},"fnMap":{"0":{"name":"(anonymous_1)","decl":{"start":{"line":5,"column":2},"end":{"line":5,"column":9}},"loc":{"start":{"line":5,"column":9},"end":{"line":7,"column":3}}}},"branchMap":{},"s":{"0":2,"1":2,"2":2,"3":2,"4":2},"f":{"0":2},"b":{}}
,"E:\\Nestjs2025\\boeing-banking\\customer-api\\src\\app\\customers\\customers.controller.ts": {"path":"E:\\Nestjs2025\\boeing-banking\\customer-api\\src\\app\\customers\\customers.controller.ts","statementMap":{"0":{"start":{"line":1,"column":0},"end":{"line":1,"column":50}},"1":{"start":{"line":2,"column":0},"end":{"line":2,"column":55}},"2":{"start":{"line":3,"column":0},"end":{"line":3,"column":76}},"3":{"start":{"line":4,"column":0},"end":{"line":4,"column":71}},"4":{"start":{"line":5,"column":0},"end":{"line":5,"column":60}},"5":{"start":{"line":6,"column":0},"end":{"line":6,"column":42}},"6":{"start":{"line":7,"column":0},"end":{"line":7,"column":63}},"7":{"start":{"line":8,"column":0},"end":{"line":8,"column":72}},"8":{"start":{"line":11,"column":7},"end":{"line":57,"column":null}},"9":{"start":{"line":16,"column":4},"end":{"line":16,"column":45}},"10":{"start":{"line":23,"column":4},"end":{"line":23,"column":67}},"11":{"start":{"line":30,"column":4},"end":{"line":30,"column":51}},"12":{"start":{"line":37,"column":4},"end":{"line":37,"column":67}},"13":{"start":{"line":45,"column":4},"end":{"line":45,"column":78}},"14":{"start":{"line":52,"column":4},"end":{"line":53,"column":45}},"15":{"start":{"line":53,"column":6},"end":{"line":53,"column":45}},"16":{"start":{"line":54,"column":4},"end":{"line":54,"column":32}},"17":{"start":{"line":11,"column":13},"end":{"line":11,"column":32}},"18":{"start":{"line":22,"column":2},"end":{"line":24,"column":null}},"19":{"start":{"line":29,"column":2},"end":{"line":31,"column":null}},"20":{"start":{"line":36,"column":2},"end":{"line":38,"column":null}},"21":{"start":{"line":44,"column":2},"end":{"line":46,"column":null}},"22":{"start":{"line":51,"column":2},"end":{"line":55,"column":null}},"23":{"start":{"line":11,"column":13},"end":{"line":57,"column":null}}},"fnMap":{"0":{"name":"(anonymous_4)","decl":{"start":{"line":15,"column":2},"end":{"line":15,"column":14}},"loc":{"start":{"line":15,"column":48},"end":{"line":17,"column":3}}},"1":{"name":"(anonymous_5)","decl":{"start":{"line":22,"column":2},"end":{"line":22,"column":16}},"loc":{"start":{"line":22,"column":61},"end":{"line":24,"column":3}}},"2":{"name":"(anonymous_6)","decl":{"start":{"line":29,"column":2},"end":{"line":29,"column":17}},"loc":{"start":{"line":29,"column":17},"end":{"line":31,"column":3}}},"3":{"name":"(anonymous_7)","decl":{"start":{"line":36,"column":2},"end":{"line":36,"column":24}},"loc":{"start":{"line":36,"column":62},"end":{"line":38,"column":3}}},"4":{"name":"(anonymous_8)","decl":{"start":{"line":44,"column":2},"end":{"line":44,"column":16}},"loc":{"start":{"line":44,"column":100},"end":{"line":46,"column":3}}},"5":{"name":"(anonymous_9)","decl":{"start":{"line":51,"column":2},"end":{"line":51,"column":16}},"loc":{"start":{"line":51,"column":54},"end":{"line":55,"column":3}}}},"branchMap":{"0":{"loc":{"start":{"line":52,"column":4},"end":{"line":53,"column":45}},"type":"if","locations":[{"start":{"line":52,"column":4},"end":{"line":53,"column":45}},{"start":{},"end":{}}]}},"s":{"0":1,"1":1,"2":1,"3":1,"4":1,"5":1,"6":1,"7":1,"8":1,"9":0,"10":0,"11":0,"12":0,"13":0,"14":0,"15":0,"16":0,"17":1,"18":1,"19":1,"20":1,"21":1,"22":1,"23":1},"f":{"0":0,"1":0,"2":0,"3":0,"4":0,"5":0},"b":{"0":[0,0]}}
,"E:\\Nestjs2025\\boeing-banking\\customer-api\\src\\app\\customers\\customers.service.ts": {"path":"E:\\Nestjs2025\\boeing-banking\\customer-api\\src\\app\\customers\\customers.service.ts","statementMap":{"0":{"start":{"line":1,"column":0},"end":{"line":1,"column":44}},"1":{"start":{"line":3,"column":0},"end":{"line":3,"column":76}},"2":{"start":{"line":4,"column":0},"end":{"line":4,"column":54}},"3":{"start":{"line":9,"column":7},"end":{"line":78,"column":null}},"4":{"start":{"line":11,"column":2},"end":{"line":11,"column":27}},"5":{"start":{"line":14,"column":19},"end":{"line":14,"column":33}},"6":{"start":{"line":16,"column":4},"end":{"line":16,"column":46}},"7":{"start":{"line":18,"column":4},"end":{"line":18,"column":34}},"8":{"start":{"line":20,"column":30},"end":{"line":20,"column":55}},"9":{"start":{"line":22,"column":4},"end":{"line":22,"column":48}},"10":{"start":{"line":23,"column":4},"end":{"line":23,"column":31}},"11":{"start":{"line":27,"column":54},"end":{"line":27,"column":56}},"12":{"start":{"line":28,"column":4},"end":{"line":35,"column":5}},"13":{"start":{"line":29,"column":32},"end":{"line":29,"column":57}},"14":{"start":{"line":32,"column":6},"end":{"line":32,"column":50}},"15":{"start":{"line":34,"column":6},"end":{"line":34,"column":53}},"16":{"start":{"line":36,"column":4},"end":{"line":36,"column":32}},"17":{"start":{"line":40,"column":19},"end":{"line":40,"column":66}},"18":{"start":{"line":40,"column":42},"end":{"line":40,"column":65}},"19":{"start":{"line":41,"column":4},"end":{"line":41,"column":56}},"20":{"start":{"line":41,"column":18},"end":{"line":41,"column":56}},"21":{"start":{"line":42,"column":30},"end":{"line":42,"column":55}},"22":{"start":{"line":45,"column":4},"end":{"line":45,"column":48}},"23":{"start":{"line":46,"column":4},"end":{"line":46,"column":31}},"24":{"start":{"line":50,"column":24},"end":{"line":50,"column":76}},"25":{"start":{"line":50,"column":52},"end":{"line":50,"column":75}},"26":{"start":{"line":51,"column":4},"end":{"line":51,"column":65}},"27":{"start":{"line":51,"column":27},"end":{"line":51,"column":65}},"28":{"start":{"line":52,"column":19},"end":{"line":52,"column":48}},"29":{"start":{"line":53,"column":4},"end":{"line":53,"column":43}},"30":{"start":{"line":54,"column":4},"end":{"line":54,"column":43}},"31":{"start":{"line":55,"column":4},"end":{"line":62,"column":5}},"32":{"start":{"line":56,"column":6},"end":{"line":56,"column":63}},"33":{"start":{"line":57,"column":6},"end":{"line":57,"column":63}},"34":{"start":{"line":58,"column":6},"end":{"line":58,"column":59}},"35":{"start":{"line":59,"column":6},"end":{"line":59,"column":61}},"36":{"start":{"line":60,"column":6},"end":{"line":60,"column":65}},"37":{"start":{"line":61,"column":6},"end":{"line":61,"column":57}},"38":{"start":{"line":63,"column":30},"end":{"line":63,"column":55}},"39":{"start":{"line":65,"column":4},"end":{"line":65,"column":48}},"40":{"start":{"line":66,"column":4},"end":{"line":66,"column":31}},"41":{"start":{"line":71,"column":4},"end":{"line":71,"column":25}},"42":{"start":{"line":72,"column":24},"end":{"line":72,"column":76}},"43":{"start":{"line":72,"column":52},"end":{"line":72,"column":75}},"44":{"start":{"line":73,"column":4},"end":{"line":73,"column":65}},"45":{"start":{"line":73,"column":27},"end":{"line":73,"column":65}},"46":{"start":{"line":74,"column":4},"end":{"line":74,"column":43}},"47":{"start":{"line":75,"column":4},"end":{"line":75,"column":24}},"48":{"start":{"line":76,"column":4},"end":{"line":76,"column":26}},"49":{"start":{"line":9,"column":13},"end":{"line":9,"column":29}},"50":{"start":{"line":9,"column":13},"end":{"line":78,"column":null}}},"fnMap":{"0":{"name":"(anonymous_1)","decl":{"start":{"line":9,"column":7},"end":{"line":9,"column":13}},"loc":{"start":{"line":9,"column":7},"end":{"line":78,"column":1}}},"1":{"name":"(anonymous_2)","decl":{"start":{"line":13,"column":2},"end":{"line":13,"column":16}},"loc":{"start":{"line":13,"column":52},"end":{"line":25,"column":3}}},"2":{"name":"(anonymous_3)","decl":{"start":{"line":26,"column":2},"end":{"line":26,"column":17}},"loc":{"start":{"line":26,"column":17},"end":{"line":37,"column":3}}},"3":{"name":"(anonymous_4)","decl":{"start":{"line":39,"column":2},"end":{"line":39,"column":24}},"loc":{"start":{"line":39,"column":41},"end":{"line":47,"column":3}}},"4":{"name":"(anonymous_5)","decl":{"start":{"line":40,"column":39},"end":{"line":40,"column":40}},"loc":{"start":{"line":40,"column":42},"end":{"line":40,"column":65}}},"5":{"name":"(anonymous_6)","decl":{"start":{"line":49,"column":2},"end":{"line":49,"column":16}},"loc":{"start":{"line":49,"column":69},"end":{"line":67,"column":3}}},"6":{"name":"(anonymous_7)","decl":{"start":{"line":50,"column":49},"end":{"line":50,"column":50}},"loc":{"start":{"line":50,"column":52},"end":{"line":50,"column":75}}},"7":{"name":"(anonymous_8)","decl":{"start":{"line":69,"column":2},"end":{"line":69,"column":16}},"loc":{"start":{"line":69,"column":33},"end":{"line":77,"column":3}}},"8":{"name":"(anonymous_9)","decl":{"start":{"line":72,"column":49},"end":{"line":72,"column":50}},"loc":{"start":{"line":72,"column":52},"end":{"line":72,"column":75}}}},"branchMap":{"0":{"loc":{"start":{"line":41,"column":4},"end":{"line":41,"column":56}},"type":"if","locations":[{"start":{"line":41,"column":4},"end":{"line":41,"column":56}},{"start":{},"end":{}}]},"1":{"loc":{"start":{"line":51,"column":4},"end":{"line":51,"column":65}},"type":"if","locations":[{"start":{"line":51,"column":4},"end":{"line":51,"column":65}},{"start":{},"end":{}}]},"2":{"loc":{"start":{"line":55,"column":4},"end":{"line":62,"column":5}},"type":"if","locations":[{"start":{"line":55,"column":4},"end":{"line":62,"column":5}},{"start":{},"end":{}}]},"3":{"loc":{"start":{"line":73,"column":4},"end":{"line":73,"column":65}},"type":"if","locations":[{"start":{"line":73,"column":4},"end":{"line":73,"column":65}},{"start":{},"end":{}}]}},"s":{"0":2,"1":2,"2":2,"3":2,"4":8,"5":6,"6":6,"7":6,"8":6,"9":6,"10":6,"11":1,"12":1,"13":2,"14":2,"15":2,"16":1,"17":2,"18":1,"19":2,"20":1,"21":1,"22":1,"23":1,"24":2,"25":1,"26":2,"27":1,"28":1,"29":1,"30":1,"31":1,"32":1,"33":1,"34":1,"35":1,"36":1,"37":1,"38":1,"39":1,"40":1,"41":2,"42":2,"43":1,"44":2,"45":1,"46":1,"47":1,"48":1,"49":2,"50":2},"f":{"0":8,"1":6,"2":1,"3":2,"4":1,"5":2,"6":1,"7":2,"8":1},"b":{"0":[1,1],"1":[1,1],"2":[1,0],"3":[1,1]}}
,"E:\\Nestjs2025\\boeing-banking\\customer-api\\src\\app\\customers\\dtos\\address\\create-address.dto.ts": {"path":"E:\\Nestjs2025\\boeing-banking\\customer-api\\src\\app\\customers\\dtos\\address\\create-address.dto.ts","statementMap":{"0":{"start":{"line":1,"column":0},"end":{"line":1,"column":46}},"1":{"start":{"line":2,"column":0},"end":{"line":2,"column":64}},"2":{"start":{"line":4,"column":0},"end":{"line":4,"column":13}},"3":{"start":{"line":8,"column":2},"end":{"line":8,"column":null}},"4":{"start":{"line":13,"column":2},"end":{"line":13,"column":null}},"5":{"start":{"line":18,"column":2},"end":{"line":18,"column":null}},"6":{"start":{"line":23,"column":2},"end":{"line":23,"column":null}},"7":{"start":{"line":28,"column":2},"end":{"line":28,"column":null}},"8":{"start":{"line":32,"column":2},"end":{"line":32,"column":null}}},"fnMap":{},"branchMap":{},"s":{"0":1,"1":1,"2":1,"3":1,"4":1,"5":1,"6":1,"7":1,"8":1},"f":{},"b":{}}
,"E:\\Nestjs2025\\boeing-banking\\customer-api\\src\\app\\customers\\dtos\\address\\response-address.dto.ts": {"path":"E:\\Nestjs2025\\boeing-banking\\customer-api\\src\\app\\customers\\dtos\\address\\response-address.dto.ts","statementMap":{"0":{"start":{"line":1,"column":0},"end":{"line":1,"column":46}},"1":{"start":{"line":2,"column":0},"end":{"line":2,"column":42}},"2":{"start":{"line":4,"column":0},"end":{"line":4,"column":14}},"3":{"start":{"line":7,"column":2},"end":{"line":7,"column":null}},"4":{"start":{"line":10,"column":2},"end":{"line":10,"column":null}},"5":{"start":{"line":13,"column":2},"end":{"line":13,"column":null}},"6":{"start":{"line":16,"column":2},"end":{"line":16,"column":null}},"7":{"start":{"line":19,"column":2},"end":{"line":19,"column":null}},"8":{"start":{"line":22,"column":2},"end":{"line":22,"column":null}}},"fnMap":{},"branchMap":{},"s":{"0":2,"1":2,"2":2,"3":2,"4":2,"5":2,"6":2,"7":2,"8":2},"f":{},"b":{}}
,"E:\\Nestjs2025\\boeing-banking\\customer-api\\src\\app\\customers\\dtos\\address\\update-address.dto.ts": {"path":"E:\\Nestjs2025\\boeing-banking\\customer-api\\src\\app\\customers\\dtos\\address\\update-address.dto.ts","statementMap":{"0":{"start":{"line":1,"column":0},"end":{"line":1,"column":46}},"1":{"start":{"line":2,"column":0},"end":{"line":2,"column":64}},"2":{"start":{"line":3,"column":0},"end":{"line":3,"column":13}},"3":{"start":{"line":7,"column":4},"end":{"line":7,"column":null}},"4":{"start":{"line":12,"column":4},"end":{"line":12,"column":null}},"5":{"start":{"line":17,"column":4},"end":{"line":17,"column":null}},"6":{"start":{"line":22,"column":4},"end":{"line":22,"column":null}},"7":{"start":{"line":27,"column":4},"end":{"line":27,"column":null}},"8":{"start":{"line":31,"column":4},"end":{"line":31,"column":null}}},"fnMap":{},"branchMap":{},"s":{"0":1,"1":1,"2":1,"3":1,"4":1,"5":1,"6":1,"7":1,"8":1},"f":{},"b":{}}
,"E:\\Nestjs2025\\boeing-banking\\customer-api\\src\\app\\customers\\dtos\\customer\\create-customer.dto.ts": {"path":"E:\\Nestjs2025\\boeing-banking\\customer-api\\src\\app\\customers\\dtos\\customer\\create-customer.dto.ts","statementMap":{"0":{"start":{"line":1,"column":0},"end":{"line":1,"column":46}},"1":{"start":{"line":2,"column":0},"end":{"line":2,"column":65}},"2":{"start":{"line":3,"column":0},"end":{"line":3,"column":89}},"3":{"start":{"line":4,"column":0},"end":{"line":4,"column":13}},"4":{"start":{"line":7,"column":3},"end":{"line":7,"column":null}},"5":{"start":{"line":12,"column":4},"end":{"line":12,"column":null}},"6":{"start":{"line":17,"column":4},"end":{"line":17,"column":null}},"7":{"start":{"line":21,"column":4},"end":{"line":21,"column":null}},"8":{"start":{"line":25,"column":4},"end":{"line":25,"column":null}},"9":{"start":{"line":35,"column":4},"end":{"line":35,"column":null}}},"fnMap":{},"branchMap":{},"s":{"0":1,"1":1,"2":1,"3":1,"4":1,"5":1,"6":1,"7":1,"8":1,"9":1},"f":{},"b":{}}
,"E:\\Nestjs2025\\boeing-banking\\customer-api\\src\\app\\customers\\dtos\\customer\\response-customer.dto.ts": {"path":"E:\\Nestjs2025\\boeing-banking\\customer-api\\src\\app\\customers\\dtos\\customer\\response-customer.dto.ts","statementMap":{"0":{"start":{"line":1,"column":0},"end":{"line":1,"column":69}},"1":{"start":{"line":2,"column":0},"end":{"line":2,"column":46}},"2":{"start":{"line":3,"column":0},"end":{"line":3,"column":43}},"3":{"start":{"line":4,"column":0},"end":{"line":4,"column":13}},"4":{"start":{"line":7,"column":2},"end":{"line":7,"column":null}},"5":{"start":{"line":10,"column":2},"end":{"line":10,"column":null}},"6":{"start":{"line":13,"column":2},"end":{"line":13,"column":null}},"7":{"start":{"line":16,"column":2},"end":{"line":16,"column":null}},"8":{"start":{"line":19,"column":2},"end":{"line":19,"column":null}},"9":{"start":{"line":22,"column":2},"end":{"line":22,"column":null}}},"fnMap":{},"branchMap":{},"s":{"0":2,"1":2,"2":2,"3":2,"4":2,"5":2,"6":2,"7":2,"8":2,"9":2},"f":{},"b":{}}
,"E:\\Nestjs2025\\boeing-banking\\customer-api\\src\\app\\customers\\dtos\\customer\\update-customer.dto.ts": {"path":"E:\\Nestjs2025\\boeing-banking\\customer-api\\src\\app\\customers\\dtos\\customer\\update-customer.dto.ts","statementMap":{"0":{"start":{"line":1,"column":0},"end":{"line":1,"column":46}},"1":{"start":{"line":2,"column":0},"end":{"line":2,"column":65}},"2":{"start":{"line":3,"column":0},"end":{"line":3,"column":80}},"3":{"start":{"line":4,"column":0},"end":{"line":4,"column":41}},"4":{"start":{"line":5,"column":0},"end":{"line":5,"column":13}},"5":{"start":{"line":10,"column":6},"end":{"line":10,"column":null}},"6":{"start":{"line":14,"column":6},"end":{"line":14,"column":null}},"7":{"start":{"line":25,"column":6},"end":{"line":25,"column":null}},"8":{"start":{"line":24,"column":16},"end":{"line":24,"column":32}}},"fnMap":{"0":{"name":"(anonymous_2)","decl":{"start":{"line":24,"column":10},"end":{"line":24,"column":13}},"loc":{"start":{"line":24,"column":16},"end":{"line":24,"column":32}}}},"branchMap":{},"s":{"0":1,"1":1,"2":1,"3":1,"4":1,"5":1,"6":1,"7":1,"8":0},"f":{"0":0},"b":{}}
,"E:\\Nestjs2025\\boeing-banking\\customer-api\\src\\app\\customers\\entities\\customer.entity.ts": {"path":"E:\\Nestjs2025\\boeing-banking\\customer-api\\src\\app\\customers\\entities\\customer.entity.ts","statementMap":{"0":{"start":{"line":2,"column":0},"end":{"line":2,"column":13}}},"fnMap":{},"branchMap":{},"s":{"0":2},"f":{},"b":{}}
,"E:\\Nestjs2025\\boeing-banking\\test\\mocks\\nestjs-swagger.mock.ts": {"path":"E:\\Nestjs2025\\boeing-banking\\test\\mocks\\nestjs-swagger.mock.ts","statementMap":{"0":{"start":{"line":1,"column":27},"end":{"line":1,"column":48}},"1":{"start":{"line":1,"column":33},"end":{"line":1,"column":48}},"2":{"start":{"line":1,"column":39},"end":{"line":1,"column":48}},"3":{"start":{"line":1,"column":13},"end":{"line":1,"column":27}},"4":{"start":{"line":2,"column":35},"end":{"line":2,"column":56}},"5":{"start":{"line":2,"column":41},"end":{"line":2,"column":56}},"6":{"start":{"line":2,"column":47},"end":{"line":2,"column":56}},"7":{"start":{"line":2,"column":13},"end":{"line":2,"column":35}},"8":{"start":{"line":3,"column":23},"end":{"line":3,"column":44}},"9":{"start":{"line":3,"column":29},"end":{"line":3,"column":44}},"10":{"start":{"line":3,"column":35},"end":{"line":3,"column":44}},"11":{"start":{"line":3,"column":13},"end":{"line":3,"column":23}},"12":{"start":{"line":4,"column":27},"end":{"line":4,"column":48}},"13":{"start":{"line":4,"column":33},"end":{"line":4,"column":48}},"14":{"start":{"line":4,"column":39},"end":{"line":4,"column":48}},"15":{"start":{"line":4,"column":13},"end":{"line":4,"column":27}},"16":{"start":{"line":5,"column":29},"end":{"line":5,"column":50}},"17":{"start":{"line":5,"column":35},"end":{"line":5,"column":50}},"18":{"start":{"line":5,"column":41},"end":{"line":5,"column":50}},"19":{"start":{"line":5,"column":13},"end":{"line":5,"column":29}},"20":{"start":{"line":6,"column":28},"end":{"line":6,"column":49}},"21":{"start":{"line":6,"column":34},"end":{"line":6,"column":49}},"22":{"start":{"line":6,"column":40},"end":{"line":6,"column":49}},"23":{"start":{"line":6,"column":13},"end":{"line":6,"column":28}},"24":{"start":{"line":7,"column":24},"end":{"line":7,"column":45}},"25":{"start":{"line":7,"column":30},"end":{"line":7,"column":45}},"26":{"start":{"line":7,"column":36},"end":{"line":7,"column":45}},"27":{"start":{"line":7,"column":13},"end":{"line":7,"column":24}},"28":{"start":{"line":8,"column":24},"end":{"line":8,"column":45}},"29":{"start":{"line":8,"column":30},"end":{"line":8,"column":45}},"30":{"start":{"line":8,"column":36},"end":{"line":8,"column":45}},"31":{"start":{"line":8,"column":13},"end":{"line":8,"column":24}},"32":{"start":{"line":9,"column":23},"end":{"line":9,"column":44}},"33":{"start":{"line":9,"column":29},"end":{"line":9,"column":44}},"34":{"start":{"line":9,"column":35},"end":{"line":9,"column":44}},"35":{"start":{"line":9,"column":13},"end":{"line":9,"column":23}}},"fnMap":{"0":{"name":"(anonymous_0)","decl":{"start":{"line":1,"column":27},"end":{"line":1,"column":30}},"loc":{"start":{"line":1,"column":33},"end":{"line":1,"column":48}}},"1":{"name":"(anonymous_1)","decl":{"start":{"line":1,"column":33},"end":{"line":1,"column":36}},"loc":{"start":{"line":1,"column":39},"end":{"line":1,"column":48}}},"2":{"name":"(anonymous_2)","decl":{"start":{"line":2,"column":35},"end":{"line":2,"column":38}},"loc":{"start":{"line":2,"column":41},"end":{"line":2,"column":56}}},"3":{"name":"(anonymous_3)","decl":{"start":{"line":2,"column":41},"end":{"line":2,"column":44}},"loc":{"start":{"line":2,"column":47},"end":{"line":2,"column":56}}},"4":{"name":"(anonymous_4)","decl":{"start":{"line":3,"column":23},"end":{"line":3,"column":26}},"loc":{"start":{"line":3,"column":29},"end":{"line":3,"column":44}}},"5":{"name":"(anonymous_5)","decl":{"start":{"line":3,"column":29},"end":{"line":3,"column":32}},"loc":{"start":{"line":3,"column":35},"end":{"line":3,"column":44}}},"6":{"name":"(anonymous_6)","decl":{"start":{"line":4,"column":27},"end":{"line":4,"column":30}},"loc":{"start":{"line":4,"column":33},"end":{"line":4,"column":48}}},"7":{"name":"(anonymous_7)","decl":{"start":{"line":4,"column":33},"end":{"line":4,"column":36}},"loc":{"start":{"line":4,"column":39},"end":{"line":4,"column":48}}},"8":{"name":"(anonymous_8)","decl":{"start":{"line":5,"column":29},"end":{"line":5,"column":32}},"loc":{"start":{"line":5,"column":35},"end":{"line":5,"column":50}}},"9":{"name":"(anonymous_9)","decl":{"start":{"line":5,"column":35},"end":{"line":5,"column":38}},"loc":{"start":{"line":5,"column":41},"end":{"line":5,"column":50}}},"10":{"name":"(anonymous_10)","decl":{"start":{"line":6,"column":28},"end":{"line":6,"column":31}},"loc":{"start":{"line":6,"column":34},"end":{"line":6,"column":49}}},"11":{"name":"(anonymous_11)","decl":{"start":{"line":6,"column":34},"end":{"line":6,"column":37}},"loc":{"start":{"line":6,"column":40},"end":{"line":6,"column":49}}},"12":{"name":"(anonymous_12)","decl":{"start":{"line":7,"column":24},"end":{"line":7,"column":27}},"loc":{"start":{"line":7,"column":30},"end":{"line":7,"column":45}}},"13":{"name":"(anonymous_13)","decl":{"start":{"line":7,"column":30},"end":{"line":7,"column":33}},"loc":{"start":{"line":7,"column":36},"end":{"line":7,"column":45}}},"14":{"name":"(anonymous_14)","decl":{"start":{"line":8,"column":24},"end":{"line":8,"column":27}},"loc":{"start":{"line":8,"column":30},"end":{"line":8,"column":45}}},"15":{"name":"(anonymous_15)","decl":{"start":{"line":8,"column":30},"end":{"line":8,"column":33}},"loc":{"start":{"line":8,"column":36},"end":{"line":8,"column":45}}},"16":{"name":"(anonymous_16)","decl":{"start":{"line":9,"column":23},"end":{"line":9,"column":26}},"loc":{"start":{"line":9,"column":29},"end":{"line":9,"column":44}}},"17":{"name":"(anonymous_17)","decl":{"start":{"line":9,"column":29},"end":{"line":9,"column":32}},"loc":{"start":{"line":9,"column":35},"end":{"line":9,"column":44}}}},"branchMap":{},"s":{"0":2,"1":45,"2":45,"3":2,"4":2,"5":0,"6":0,"7":2,"8":2,"9":1,"10":1,"11":2,"12":2,"13":5,"14":5,"15":2,"16":2,"17":0,"18":0,"19":2,"20":2,"21":5,"22":5,"23":2,"24":2,"25":0,"26":0,"27":2,"28":2,"29":0,"30":0,"31":2,"32":2,"33":0,"34":0,"35":2},"f":{"0":45,"1":45,"2":0,"3":0,"4":1,"5":1,"6":5,"7":5,"8":0,"9":0,"10":5,"11":5,"12":0,"13":0,"14":0,"15":0,"16":0,"17":0},"b":{}}
}
