TN:
SF:account-api\src\app\app.controller.ts
FN:6,(anonymous_2)
FN:9,(anonymous_3)
FNF:2
FNH:2
FNDA:1,(anonymous_2)
FNDA:1,(anonymous_3)
DA:1,1
DA:2,1
DA:5,1
DA:6,1
DA:9,1
DA:10,1
LF:6
LH:6
BRF:0
BRH:0
end_of_record
TN:
SF:account-api\src\app\app.service.ts
FN:5,(anonymous_1)
FNF:1
FNH:1
FNDA:2,(anonymous_1)
DA:1,2
DA:4,2
DA:6,2
LF:3
LH:3
BRF:0
BRH:0
end_of_record
TN:
SF:apps\api-gateway\src\app\app.controller.ts
FN:6,(anonymous_2)
FN:9,(anonymous_3)
FNF:2
FNH:2
FNDA:1,(anonymous_2)
FNDA:1,(anonymous_3)
DA:1,1
DA:2,1
DA:5,1
DA:6,1
DA:9,1
DA:10,1
LF:6
LH:6
BRF:0
BRH:0
end_of_record
TN:
SF:apps\api-gateway\src\app\app.service.ts
FN:5,(anonymous_1)
FNF:1
FNH:1
FNDA:2,(anonymous_1)
DA:1,2
DA:4,2
DA:6,2
LF:3
LH:3
BRF:0
BRH:0
end_of_record
TN:
SF:customer-api\src\app\customers\customers.controller.ts
FN:15,(anonymous_4)
FN:22,(anonymous_5)
FN:29,(anonymous_6)
FN:36,(anonymous_7)
FN:44,(anonymous_8)
FN:51,(anonymous_9)
FNF:6
FNH:0
FNDA:0,(anonymous_4)
FNDA:0,(anonymous_5)
FNDA:0,(anonymous_6)
FNDA:0,(anonymous_7)
FNDA:0,(anonymous_8)
FNDA:0,(anonymous_9)
DA:1,1
DA:2,1
DA:3,1
DA:4,1
DA:5,1
DA:6,1
DA:7,1
DA:8,1
DA:11,1
DA:16,0
DA:22,1
DA:23,0
DA:29,1
DA:30,0
DA:36,1
DA:37,0
DA:44,1
DA:45,0
DA:51,1
DA:52,0
DA:53,0
DA:54,0
LF:22
LH:14
BRDA:52,0,0,0
BRDA:52,0,1,0
BRF:2
BRH:0
end_of_record
TN:
SF:customer-api\src\app\customers\customers.service.ts
FN:9,(anonymous_1)
FN:13,(anonymous_2)
FN:26,(anonymous_3)
FN:39,(anonymous_4)
FN:40,(anonymous_5)
FN:49,(anonymous_6)
FN:50,(anonymous_7)
FN:69,(anonymous_8)
FN:72,(anonymous_9)
FNF:9
FNH:9
FNDA:8,(anonymous_1)
FNDA:6,(anonymous_2)
FNDA:1,(anonymous_3)
FNDA:2,(anonymous_4)
FNDA:1,(anonymous_5)
FNDA:2,(anonymous_6)
FNDA:1,(anonymous_7)
FNDA:2,(anonymous_8)
FNDA:1,(anonymous_9)
DA:1,2
DA:3,2
DA:4,2
DA:9,2
DA:11,8
DA:14,6
DA:16,6
DA:18,6
DA:20,6
DA:22,6
DA:23,6
DA:27,1
DA:28,1
DA:29,2
DA:32,2
DA:34,2
DA:36,1
DA:40,2
DA:41,2
DA:42,1
DA:45,1
DA:46,1
DA:50,2
DA:51,2
DA:52,1
DA:53,1
DA:54,1
DA:55,1
DA:56,1
DA:57,1
DA:58,1
DA:59,1
DA:60,1
DA:61,1
DA:63,1
DA:65,1
DA:66,1
DA:71,2
DA:72,2
DA:73,2
DA:74,1
DA:75,1
DA:76,1
LF:43
LH:43
BRDA:41,0,0,1
BRDA:41,0,1,1
BRDA:51,1,0,1
BRDA:51,1,1,1
BRDA:55,2,0,1
BRDA:55,2,1,0
BRDA:73,3,0,1
BRDA:73,3,1,1
BRF:8
BRH:7
end_of_record
TN:
SF:customer-api\src\app\customers\dtos\address\create-address.dto.ts
FNF:0
FNH:0
DA:1,1
DA:2,1
DA:4,1
DA:8,1
DA:13,1
DA:18,1
DA:23,1
DA:28,1
DA:32,1
LF:9
LH:9
BRF:0
BRH:0
end_of_record
TN:
SF:customer-api\src\app\customers\dtos\address\response-address.dto.ts
FNF:0
FNH:0
DA:1,2
DA:2,2
DA:4,2
DA:7,2
DA:10,2
DA:13,2
DA:16,2
DA:19,2
DA:22,2
LF:9
LH:9
BRF:0
BRH:0
end_of_record
TN:
SF:customer-api\src\app\customers\dtos\address\update-address.dto.ts
FNF:0
FNH:0
DA:1,1
DA:2,1
DA:3,1
DA:7,1
DA:12,1
DA:17,1
DA:22,1
DA:27,1
DA:31,1
LF:9
LH:9
BRF:0
BRH:0
end_of_record
TN:
SF:customer-api\src\app\customers\dtos\customer\create-customer.dto.ts
FNF:0
FNH:0
DA:1,1
DA:2,1
DA:3,1
DA:4,1
DA:7,1
DA:12,1
DA:17,1
DA:21,1
DA:25,1
DA:35,1
LF:10
LH:10
BRF:0
BRH:0
end_of_record
TN:
SF:customer-api\src\app\customers\dtos\customer\response-customer.dto.ts
FNF:0
FNH:0
DA:1,2
DA:2,2
DA:3,2
DA:4,2
DA:7,2
DA:10,2
DA:13,2
DA:16,2
DA:19,2
DA:22,2
LF:10
LH:10
BRF:0
BRH:0
end_of_record
TN:
SF:customer-api\src\app\customers\dtos\customer\update-customer.dto.ts
FN:24,(anonymous_2)
FNF:1
FNH:0
FNDA:0,(anonymous_2)
DA:1,1
DA:2,1
DA:3,1
DA:4,1
DA:5,1
DA:10,1
DA:14,1
DA:24,0
DA:25,1
LF:9
LH:8
BRF:0
BRH:0
end_of_record
TN:
SF:customer-api\src\app\customers\entities\customer.entity.ts
FNF:0
FNH:0
DA:2,2
LF:1
LH:1
BRF:0
BRH:0
end_of_record
TN:
SF:test\mocks\nestjs-swagger.mock.ts
FN:1,(anonymous_0)
FN:1,(anonymous_1)
FN:2,(anonymous_2)
FN:2,(anonymous_3)
FN:3,(anonymous_4)
FN:3,(anonymous_5)
FN:4,(anonymous_6)
FN:4,(anonymous_7)
FN:5,(anonymous_8)
FN:5,(anonymous_9)
FN:6,(anonymous_10)
FN:6,(anonymous_11)
FN:7,(anonymous_12)
FN:7,(anonymous_13)
FN:8,(anonymous_14)
FN:8,(anonymous_15)
FN:9,(anonymous_16)
FN:9,(anonymous_17)
FNF:18
FNH:8
FNDA:45,(anonymous_0)
FNDA:45,(anonymous_1)
FNDA:0,(anonymous_2)
FNDA:0,(anonymous_3)
FNDA:1,(anonymous_4)
FNDA:1,(anonymous_5)
FNDA:5,(anonymous_6)
FNDA:5,(anonymous_7)
FNDA:0,(anonymous_8)
FNDA:0,(anonymous_9)
FNDA:5,(anonymous_10)
FNDA:5,(anonymous_11)
FNDA:0,(anonymous_12)
FNDA:0,(anonymous_13)
FNDA:0,(anonymous_14)
FNDA:0,(anonymous_15)
FNDA:0,(anonymous_16)
FNDA:0,(anonymous_17)
DA:1,45
DA:2,2
DA:3,2
DA:4,5
DA:5,2
DA:6,5
DA:7,2
DA:8,2
DA:9,2
LF:9
LH:9
BRF:0
BRH:0
end_of_record
